[ 2025-09-02 19:25:39,845 ] 27 dotenv.main - WARNING - python-dotenv could not parse statement starting at line 4
[ 2025-09-02 19:25:39,846 ] 27 dotenv.main - WARNING - python-dotenv could not parse statement starting at line 14
[ 2025-09-02 19:25:39,846 ] 27 dotenv.main - WARNING - python-dotenv could not parse statement starting at line 18
[ 2025-09-02 19:25:39,846 ] 27 dotenv.main - WARNING - python-dotenv could not parse statement starting at line 20
[ 2025-09-02 19:25:39,846 ] 27 dotenv.main - WARNING - python-dotenv could not parse statement starting at line 24
[ 2025-09-02 19:25:39,846 ] 27 dotenv.main - WARNING - python-dotenv could not parse statement starting at line 26
[ 2025-09-02 19:25:39,847 ] 27 dotenv.main - WARNING - python-dotenv could not parse statement starting at line 28
[ 2025-09-02 19:25:39,847 ] 27 dotenv.main - WARNING - python-dotenv could not parse statement starting at line 30
[ 2025-09-02 19:25:46,892 ] 1025 httpx - INFO - HTTP Request: GET https://dagshub.com/api/v1/user "HTTP/1.1 200 OK"
[ 2025-09-02 19:25:46,901 ] 107 dagshub - INFO - Accessing as Shiv24angi
[ 2025-09-02 19:25:47,791 ] 1025 httpx - INFO - HTTP Request: GET https://dagshub.com/api/v1/repos/Shiv24angi/Network_Security "HTTP/1.1 200 OK"
[ 2025-09-02 19:25:48,538 ] 1025 httpx - INFO - HTTP Request: GET https://dagshub.com/api/v1/user "HTTP/1.1 200 OK"
[ 2025-09-02 19:25:48,540 ] 107 dagshub - INFO - Initialized MLflow to track repo "Shiv24angi/Network_Security"
[ 2025-09-02 19:25:48,542 ] 107 dagshub - INFO - Repository Shiv24angi/Network_Security initialized!
[ 2025-09-02 19:25:48,546 ] 27 dotenv.main - WARNING - python-dotenv could not parse statement starting at line 4
[ 2025-09-02 19:25:48,549 ] 27 dotenv.main - WARNING - python-dotenv could not parse statement starting at line 14
[ 2025-09-02 19:25:48,549 ] 27 dotenv.main - WARNING - python-dotenv could not parse statement starting at line 18
[ 2025-09-02 19:25:48,549 ] 27 dotenv.main - WARNING - python-dotenv could not parse statement starting at line 20
[ 2025-09-02 19:25:48,549 ] 27 dotenv.main - WARNING - python-dotenv could not parse statement starting at line 24
[ 2025-09-02 19:25:48,549 ] 27 dotenv.main - WARNING - python-dotenv could not parse statement starting at line 26
[ 2025-09-02 19:25:48,549 ] 27 dotenv.main - WARNING - python-dotenv could not parse statement starting at line 28
[ 2025-09-02 19:25:48,550 ] 27 dotenv.main - WARNING - python-dotenv could not parse statement starting at line 30
