[ 2025-09-02 17:59:20,902 ] 27 dotenv.main - WARNING - python-dotenv could not parse statement starting at line 4
[ 2025-09-02 17:59:20,902 ] 27 dotenv.main - WARNING - python-dotenv could not parse statement starting at line 14
[ 2025-09-02 17:59:20,902 ] 27 dotenv.main - WARNING - python-dotenv could not parse statement starting at line 18
[ 2025-09-02 17:59:20,902 ] 27 dotenv.main - WARNING - python-dotenv could not parse statement starting at line 20
[ 2025-09-02 17:59:20,902 ] 27 dotenv.main - WARNING - python-dotenv could not parse statement starting at line 24
[ 2025-09-02 17:59:20,902 ] 27 dotenv.main - WARNING - python-dotenv could not parse statement starting at line 26
[ 2025-09-02 17:59:20,902 ] 27 dotenv.main - WARNING - python-dotenv could not parse statement starting at line 28
[ 2025-09-02 17:59:20,902 ] 27 dotenv.main - WARNING - python-dotenv could not parse statement starting at line 30
[ 2025-09-02 17:59:23,768 ] 1025 httpx - INFO - HTTP Request: GET https://dagshub.com/api/v1/user "HTTP/1.1 200 OK"
[ 2025-09-02 17:59:23,784 ] 107 dagshub - INFO - Accessing as Shiv24angi
[ 2025-09-02 17:59:24,494 ] 1025 httpx - INFO - HTTP Request: GET https://dagshub.com/api/v1/repos/Shiv24angi/Network_Security "HTTP/1.1 200 OK"
[ 2025-09-02 17:59:25,112 ] 1025 httpx - INFO - HTTP Request: GET https://dagshub.com/api/v1/user "HTTP/1.1 200 OK"
[ 2025-09-02 17:59:25,112 ] 107 dagshub - INFO - Initialized MLflow to track repo "Shiv24angi/Network_Security"
[ 2025-09-02 17:59:25,112 ] 107 dagshub - INFO - Repository Shiv24angi/Network_Security initialized!
[ 2025-09-02 17:59:25,112 ] 27 dotenv.main - WARNING - python-dotenv could not parse statement starting at line 4
[ 2025-09-02 17:59:25,112 ] 27 dotenv.main - WARNING - python-dotenv could not parse statement starting at line 14
[ 2025-09-02 17:59:25,112 ] 27 dotenv.main - WARNING - python-dotenv could not parse statement starting at line 18
[ 2025-09-02 17:59:25,112 ] 27 dotenv.main - WARNING - python-dotenv could not parse statement starting at line 20
[ 2025-09-02 17:59:25,112 ] 27 dotenv.main - WARNING - python-dotenv could not parse statement starting at line 24
[ 2025-09-02 17:59:25,112 ] 27 dotenv.main - WARNING - python-dotenv could not parse statement starting at line 26
[ 2025-09-02 17:59:25,121 ] 27 dotenv.main - WARNING - python-dotenv could not parse statement starting at line 28
[ 2025-09-02 17:59:25,121 ] 27 dotenv.main - WARNING - python-dotenv could not parse statement starting at line 30
